<?xml version="1.0" encoding="UTF-8"?>
<!-- Generated by org.testng.reporters.JUnitReportReporter -->
<testsuite skipped="0" hostname="BDC4B-D-9XZJ882" name="demo.NewTest" tests="1" failures="0" timestamp="26 Jul 2018 07:58:50 GMT" time="15.891" errors="0">
  <testcase name="testMercuryToursLogin" time="15.891" classname="demo.NewTest"/>
</testsuite> <!-- demo.NewTest -->
